<?xml version="1.0" encoding="UTF-8"?>
<!-- Generated by org.testng.reporters.JUnitReportReporter -->
<testsuite name="paytm.MySampleTest" tests="1" time="5.565" ignored="1" failures="0" timestamp="12 Jun 2021 21:27:24 GMT" skipped="0" hostname="DESKTOP-I34MJDM" errors="0">
  <testcase name="testEntity" time="5.565" classname="paytm.MySampleTest"/>
  <testcase name="testViaCatalog" classname="paytm.MySampleYamlTest">
    <skipped/>
  </testcase> <!-- testViaCatalog -->
</testsuite> <!-- paytm.MySampleTest -->
